<?xml version="1.0" encoding="UTF-8"?>
<testsuite xmlns:xsi="http://www.w3.org/2001/XMLSchema-instance" xsi:noNamespaceSchemaLocation="https://maven.apache.org/surefire/maven-surefire-plugin/xsd/surefire-test-report.xsd" name="teste.AppTest" time="0.082" tests="1" errors="0" skipped="0" failures="0">
  <properties>
    <property name="java.specification.version" value="16"/>
    <property name="sun.cpu.isalist" value="amd64"/>
    <property name="sun.jnu.encoding" value="Cp1252"/>
    <property name="java.class.path" value="C:\Users\felipe.damin\code\tcc\teste\target\test-classes;C:\Users\felipe.damin\code\tcc\teste\target\classes;C:\Users\felipe.damin\.m2\repository\junit\junit\4.11\junit-4.11.jar;C:\Users\felipe.damin\.m2\repository\org\hamcrest\hamcrest-core\1.3\hamcrest-core-1.3.jar;C:\Users\felipe.damin\.m2\repository\com\github\javaparser\javaparser-symbol-solver-core\3.22.1\javaparser-symbol-solver-core-3.22.1.jar;C:\Users\felipe.damin\.m2\repository\com\github\javaparser\javaparser-core\3.22.1\javaparser-core-3.22.1.jar;C:\Users\felipe.damin\.m2\repository\org\javassist\javassist\3.28.0-GA\javassist-3.28.0-GA.jar;C:\Users\felipe.damin\.m2\repository\com\google\guava\guava\30.1.1-jre\guava-30.1.1-jre.jar;C:\Users\felipe.damin\.m2\repository\com\google\guava\failureaccess\1.0.1\failureaccess-1.0.1.jar;C:\Users\felipe.damin\.m2\repository\com\google\guava\listenablefuture\9999.0-empty-to-avoid-conflict-with-guava\listenablefuture-9999.0-empty-to-avoid-conflict-with-guava.jar;C:\Users\felipe.damin\.m2\repository\com\google\code\findbugs\jsr305\3.0.2\jsr305-3.0.2.jar;C:\Users\felipe.damin\.m2\repository\org\checkerframework\checker-qual\3.8.0\checker-qual-3.8.0.jar;C:\Users\felipe.damin\.m2\repository\com\google\errorprone\error_prone_annotations\2.5.1\error_prone_annotations-2.5.1.jar;C:\Users\felipe.damin\.m2\repository\com\google\j2objc\j2objc-annotations\1.3\j2objc-annotations-1.3.jar;"/>
    <property name="java.vm.vendor" value="Oracle Corporation"/>
    <property name="sun.arch.data.model" value="64"/>
    <property name="user.variant" value=""/>
    <property name="java.vendor.url" value="https://java.oracle.com/"/>
    <property name="user.timezone" value="America/Sao_Paulo"/>
    <property name="os.name" value="Windows 10"/>
    <property name="java.vm.specification.version" value="16"/>
    <property name="sun.java.launcher" value="SUN_STANDARD"/>
    <property name="user.country" value="BR"/>
    <property name="sun.boot.library.path" value="C:\Program Files\Java\jdk-16.0.1\bin"/>
    <property name="sun.java.command" value="C:\Users\FELIPE~1.DAM\AppData\Local\Temp\surefire16250239892126826156\surefirebooter2334956154529967428.jar C:\Users\felipe.damin\AppData\Local\Temp\surefire16250239892126826156 2021-06-09T12-16-45_745-jvmRun1 surefire1533806074030094639tmp surefire_05089724391371930957tmp"/>
    <property name="jdk.debug" value="release"/>
    <property name="surefire.test.class.path" value="C:\Users\felipe.damin\code\tcc\teste\target\test-classes;C:\Users\felipe.damin\code\tcc\teste\target\classes;C:\Users\felipe.damin\.m2\repository\junit\junit\4.11\junit-4.11.jar;C:\Users\felipe.damin\.m2\repository\org\hamcrest\hamcrest-core\1.3\hamcrest-core-1.3.jar;C:\Users\felipe.damin\.m2\repository\com\github\javaparser\javaparser-symbol-solver-core\3.22.1\javaparser-symbol-solver-core-3.22.1.jar;C:\Users\felipe.damin\.m2\repository\com\github\javaparser\javaparser-core\3.22.1\javaparser-core-3.22.1.jar;C:\Users\felipe.damin\.m2\repository\org\javassist\javassist\3.28.0-GA\javassist-3.28.0-GA.jar;C:\Users\felipe.damin\.m2\repository\com\google\guava\guava\30.1.1-jre\guava-30.1.1-jre.jar;C:\Users\felipe.damin\.m2\repository\com\google\guava\failureaccess\1.0.1\failureaccess-1.0.1.jar;C:\Users\felipe.damin\.m2\repository\com\google\guava\listenablefuture\9999.0-empty-to-avoid-conflict-with-guava\listenablefuture-9999.0-empty-to-avoid-conflict-with-guava.jar;C:\Users\felipe.damin\.m2\repository\com\google\code\findbugs\jsr305\3.0.2\jsr305-3.0.2.jar;C:\Users\felipe.damin\.m2\repository\org\checkerframework\checker-qual\3.8.0\checker-qual-3.8.0.jar;C:\Users\felipe.damin\.m2\repository\com\google\errorprone\error_prone_annotations\2.5.1\error_prone_annotations-2.5.1.jar;C:\Users\felipe.damin\.m2\repository\com\google\j2objc\j2objc-annotations\1.3\j2objc-annotations-1.3.jar;"/>
    <property name="sun.cpu.endian" value="little"/>
    <property name="user.home" value="C:\Users\felipe.damin"/>
    <property name="user.language" value="pt"/>
    <property name="java.specification.vendor" value="Oracle Corporation"/>
    <property name="java.version.date" value="2021-04-20"/>
    <property name="java.home" value="C:\Program Files\Java\jdk-16.0.1"/>
    <property name="file.separator" value="\"/>
    <property name="basedir" value="C:\Users\felipe.damin\code\tcc\teste"/>
    <property name="java.vm.compressedOopsMode" value="32-bit"/>
    <property name="line.separator" value="&#10;"/>
    <property name="java.vm.specification.vendor" value="Oracle Corporation"/>
    <property name="java.specification.name" value="Java Platform API Specification"/>
    <property name="surefire.real.class.path" value="C:\Users\FELIPE~1.DAM\AppData\Local\Temp\surefire16250239892126826156\surefirebooter2334956154529967428.jar"/>
    <property name="user.script" value=""/>
    <property name="sun.management.compiler" value="HotSpot 64-Bit Tiered Compilers"/>
    <property name="java.runtime.version" value="16.0.1+9-24"/>
    <property name="user.name" value="felipe.damin"/>
    <property name="path.separator" value=";"/>
    <property name="os.version" value="10.0"/>
    <property name="java.runtime.name" value="Java(TM) SE Runtime Environment"/>
    <property name="file.encoding" value="Cp1252"/>
    <property name="java.vm.name" value="Java HotSpot(TM) 64-Bit Server VM"/>
    <property name="localRepository" value="C:\Users\felipe.damin\.m2\repository"/>
    <property name="java.vendor.url.bug" value="https://bugreport.java.com/bugreport/"/>
    <property name="java.io.tmpdir" value="C:\Users\FELIPE~1.DAM\AppData\Local\Temp\"/>
    <property name="java.version" value="16.0.1"/>
    <property name="user.dir" value="C:\Users\felipe.damin\code\tcc\teste"/>
    <property name="os.arch" value="amd64"/>
    <property name="java.vm.specification.name" value="Java Virtual Machine Specification"/>
    <property name="sun.os.patch.level" value=""/>
    <property name="java.library.path" value="C:\Program Files\Java\jdk-16.0.1\bin;C:\windows\Sun\Java\bin;C:\windows\system32;C:\windows;C:\Program Files\Common Files\Oracle\Java\javapath;C:\Program Files (x86)\Common Files\Oracle\Java\javapath;C:\Python39\Scripts\;C:\Python39\;C:\windows\system32;C:\windows;C:\windows\System32\Wbem;C:\windows\System32\WindowsPowerShell\v1.0\;C:\windows\System32\OpenSSH\;C:\ProgramData\chocolatey\bin;C:\Program Files\Amazon\AWSCLIV2\;C:\Program Files (x86)\nodejs\;C:\Users\felipe.damin\.cargo\bin;C:\Users\felipe.damin\AppData\Local\Programs\Python\Python37-32\Scripts\;C:\Users\felipe.damin\AppData\Local\Programs\Python\Python37-32\;C:\Users\felipe.damin\AppData\Local\Programs\Python\Launcher\;C:\Users\felipe.damin\AppData\Local\Microsoft\WindowsApps;C:\Users\felipe.damin\AppData\Local\Programs\Microsoft VS Code\bin;C:\Users\felipe.damin\AppData\Local\Programs\Git\cmd;C:\Users\felipe.damin\AppData\Roaming\npm;C:\Users\felipe.damin\AppData\Local\apache-maven-3.8.1\bin;C:\Users\felipe.damin\.cargo\bin;C:\Users\felipe.damin\AppData\Local\Programs\Python\Python37-32\Scripts\;C:\Users\felipe.damin\AppData\Local\Programs\Python\Python37-32\;C:\Users\felipe.damin\AppData\Local\Programs\Python\Launcher\;C:\Users\felipe.damin\AppData\Local\Microsoft\WindowsApps;C:\Users\felipe.damin\AppData\Local\Programs\Microsoft VS Code\bin;C:\Users\felipe.damin\AppData\Local\Programs\Git\cmd;C:\Users\felipe.damin\AppData\Roaming\npm;C:\Users\felipe.damin\AppData\Local\apache-maven-3.8.1\bin;;."/>
    <property name="java.vm.info" value="mixed mode, sharing"/>
    <property name="java.vendor" value="Oracle Corporation"/>
    <property name="java.vm.version" value="16.0.1+9-24"/>
    <property name="sun.io.unicode.encoding" value="UnicodeLittle"/>
    <property name="java.class.version" value="60.0"/>
  </properties>
  <testcase name="shouldAnswerWithTrue" classname="teste.AppTest" time="0.002"/>
</testsuite>